2012/01/15 5:45:05 にビルドを開始しました。
     1>ノード 2 上のプロジェクト "C:\Documents and Settings\hoehoe\my documents\visual studio 2010\Projects\libPcInfo\libPcInfo\libPcInfo.vcxproj" (build ターゲット)。
     1>InitializeBuildStatus:
         "AlwaysCreate" が指定されたため "Release\libPcInfo.unsuccessfulbuild" を作成しています。
       GenerateTargetFrameworkMonikerAttribute:
       すべての出力ファイルが入力ファイルに対して最新なので、ターゲット "GenerateTargetFrameworkMonikerAttribute" を省略します。
       ClCompile:
         すべての出力が最新のものです。
         c:\Program Files\Microsoft Visual Studio 10.0\VC\bin\CL.exe /c /AI"C:\Program Files\Reference Assemblies\Microsoft\Framework\.NETFramework\v4.0" /Zi /clr /nologo /W3 /WX- /O2 /Oy- /D WIN32 /D NDEBUG /D _WINDLL /D _UNICODE /D UNICODE /EHa /MD /GS /fp:precise /Zc:wchar_t /Zc:forScope /Yu"StdAfx.h" /Fp"Release\libPcInfo.pch" /Fo"Release\\" /Fd"Release\vc100.pdb" /TP /FU"C:\Program Files\Reference Assemblies\Microsoft\Framework\.NETFramework\v4.0\System.Core.dll" /FU"C:\Program Files\Reference Assemblies\Microsoft\Framework\.NETFramework\v4.0\System.Data.dll" /FU"C:\Program Files\Reference Assemblies\Microsoft\Framework\.NETFramework\v4.0\System.dll" /FU"C:\Program Files\Reference Assemblies\Microsoft\Framework\.NETFramework\v4.0\System.Xml.dll" /analyze- /errorReport:prompt libPcInfo.cpp /clr:nostdlib 
         libPcInfo.cpp
         すべての出力が最新のものです。
       ResourceCompile:
         すべての出力が最新のものです。
       Link:
         c:\Program Files\Microsoft Visual Studio 10.0\VC\bin\link.exe /ERRORREPORT:PROMPT /OUT:"C:\Documents and Settings\hoehoe\my documents\visual studio 2010\Projects\libPcInfo\Release\libPcInfo.dll" /INCREMENTAL:NO /NOLOGO /MANIFEST /ManifestFile:"Release\libPcInfo.dll.intermediate.manifest" /MANIFESTUAC:"level='asInvoker' uiAccess='false'" /DEBUG /PDB:"C:\Documents and Settings\hoehoe\my documents\visual studio 2010\Projects\libPcInfo\Release\libPcInfo.pdb" /TLBID:1 /DYNAMICBASE /FIXED:NO /NXCOMPAT /MACHINE:X86 /DLL Release\app.res
         Release\AssemblyInfo.obj
         Release\libPcInfo.obj
         Release\Stdafx.obj
         "Release\.NETFramework,Version=v4.0.AssemblyAttributes.obj"
         FlashRuntimeExtensions.lib
            ライブラリ C:\Documents and Settings\hoehoe\my documents\visual studio 2010\Projects\libPcInfo\Release\libPcInfo.lib とオブジェクト C:\Documents and Settings\hoehoe\my documents\visual studio 2010\Projects\libPcInfo\Release\libPcInfo.exp を作成中
         libPcInfo.vcxproj -> C:\Documents and Settings\hoehoe\my documents\visual studio 2010\Projects\libPcInfo\Release\libPcInfo.dll
       Manifest:
         C:\Program Files\Microsoft SDKs\Windows\v7.0A\bin\mt.exe /nologo /verbose /outputresource:"C:\Documents and Settings\hoehoe\my documents\visual studio 2010\Projects\libPcInfo\Release\libPcInfo.dll;#2" /manifest Release\libPcInfo.dll.intermediate.manifest
       FinalizeBuildStatus:
         ファイル "Release\libPcInfo.unsuccessfulbuild" を削除しています。
         "Release\libPcInfo.lastbuildstate" のタッチ タスクを実行しています。
     1>プロジェクト "C:\Documents and Settings\hoehoe\my documents\visual studio 2010\Projects\libPcInfo\libPcInfo\libPcInfo.vcxproj" (build ターゲット) のビルドが完了しました。

ビルドに成功しました。

経過時間 00:00:01.79
