2012/01/15 2:11:37 にビルドを開始しました。
     1>ノード 2 上のプロジェクト "c:\documents and settings\hoehoe\my documents\visual studio 2010\Projects\libPcInfo\libPcInfo\libPcInfo.vcxproj" (build ターゲット)。
     1>InitializeBuildStatus:
         "AlwaysCreate" が指定されたため "Debug\libPcInfo.unsuccessfulbuild" を作成しています。
       GenerateTargetFrameworkMonikerAttribute:
       すべての出力ファイルが入力ファイルに対して最新なので、ターゲット "GenerateTargetFrameworkMonikerAttribute" を省略します。
       ClCompile:
         すべての出力が最新のものです。
         c:\Program Files\Microsoft Visual Studio 10.0\VC\bin\CL.exe /c /AI"C:\Program Files\Reference Assemblies\Microsoft\Framework\.NETFramework\v4.0" /Zi /clr /nologo /W3 /WX- /Od /Oy- /D WIN32 /D _DEBUG /D _WINDLL /D _UNICODE /D UNICODE /EHa /MDd /GS /fp:precise /Zc:wchar_t /Zc:forScope /Yu"StdAfx.h" /Fp"Debug\libPcInfo.pch" /Fo"Debug\\" /Fd"Debug\vc100.pdb" /TP /FU"C:\Program Files\Reference Assemblies\Microsoft\Framework\.NETFramework\v4.0\System.Core.dll" /FU"C:\Program Files\Reference Assemblies\Microsoft\Framework\.NETFramework\v4.0\System.Data.dll" /FU"C:\Program Files\Reference Assemblies\Microsoft\Framework\.NETFramework\v4.0\System.dll" /FU"C:\Program Files\Reference Assemblies\Microsoft\Framework\.NETFramework\v4.0\System.Xml.dll" /analyze- /errorReport:prompt libPcInfo.cpp /clr:nostdlib 
         libPcInfo.cpp
         すべての出力が最新のものです。
       ResourceCompile:
         すべての出力が最新のものです。
       Link:
         c:\Program Files\Microsoft Visual Studio 10.0\VC\bin\link.exe /ERRORREPORT:PROMPT /OUT:"c:\documents and settings\hoehoe\my documents\visual studio 2010\Projects\libPcInfo\Debug\libPcInfo.dll" /INCREMENTAL /NOLOGO /MANIFEST /ManifestFile:"Debug\libPcInfo.dll.intermediate.manifest" /MANIFESTUAC:"level='asInvoker' uiAccess='false'" /DEBUG /PDB:"c:\documents and settings\hoehoe\my documents\visual studio 2010\Projects\libPcInfo\Debug\libPcInfo.pdb" /ASSEMBLYDEBUG /TLBID:1 /DYNAMICBASE /FIXED:NO /NXCOMPAT /MACHINE:X86 /DLL Debug\app.res
         Debug\AssemblyInfo.obj
         Debug\libPcInfo.obj
         Debug\Stdafx.obj
         "Debug\.NETFramework,Version=v4.0.AssemblyAttributes.obj"
         FlashRuntimeExtensions.lib
            ライブラリ c:\documents and settings\hoehoe\my documents\visual studio 2010\Projects\libPcInfo\Debug\libPcInfo.lib とオブジェクト c:\documents and settings\hoehoe\my documents\visual studio 2010\Projects\libPcInfo\Debug\libPcInfo.exp を作成中
         libPcInfo.vcxproj -> c:\documents and settings\hoehoe\my documents\visual studio 2010\Projects\libPcInfo\Debug\libPcInfo.dll
       Manifest:
         C:\Program Files\Microsoft SDKs\Windows\v7.0A\bin\mt.exe /nologo /verbose /outputresource:"c:\documents and settings\hoehoe\my documents\visual studio 2010\Projects\libPcInfo\Debug\libPcInfo.dll;#2" /manifest Debug\libPcInfo.dll.intermediate.manifest
       FinalizeBuildStatus:
         ファイル "Debug\libPcInfo.unsuccessfulbuild" を削除しています。
         "Debug\libPcInfo.lastbuildstate" のタッチ タスクを実行しています。
     1>プロジェクト "c:\documents and settings\hoehoe\my documents\visual studio 2010\Projects\libPcInfo\libPcInfo\libPcInfo.vcxproj" (build ターゲット) のビルドが完了しました。

ビルドに成功しました。

経過時間 00:00:01.90
