2012/01/15 21:33:25 にビルドを開始しました。
     1>ノード 2 上のプロジェクト "c:\documents and settings\hoehoe\my documents\visual studio 2010\Projects\libHello\libHello\libHello.vcxproj" (build ターゲット)。
     1>InitializeBuildStatus:
         "Debug\libHello.unsuccessfulbuild" のタッチ タスクを実行しています。
       GenerateTargetFrameworkMonikerAttribute:
       すべての出力ファイルが入力ファイルに対して最新なので、ターゲット "GenerateTargetFrameworkMonikerAttribute" を省略します。
       ClCompile:
         すべての出力が最新のものです。
         c:\Program Files\Microsoft Visual Studio 10.0\VC\bin\CL.exe /c /AI"C:\Program Files\Reference Assemblies\Microsoft\Framework\.NETFramework\v4.0" /Zi /clr /nologo /W3 /WX- /Od /Oy- /D WIN32 /D _DEBUG /D _WINDLL /D _UNICODE /D UNICODE /EHa /MDd /GS /fp:precise /Zc:wchar_t /Zc:forScope /Yu"StdAfx.h" /Fp"Debug\libHello.pch" /Fo"Debug\\" /Fd"Debug\vc100.pdb" /TP /FU"C:\Program Files\Reference Assemblies\Microsoft\Framework\.NETFramework\v4.0\System.Core.dll" /FU"C:\Program Files\Reference Assemblies\Microsoft\Framework\.NETFramework\v4.0\System.Data.dll" /FU"C:\Program Files\Reference Assemblies\Microsoft\Framework\.NETFramework\v4.0\System.dll" /FU"C:\Program Files\Reference Assemblies\Microsoft\Framework\.NETFramework\v4.0\System.Xml.dll" /analyze- /errorReport:prompt libHello.cpp /clr:nostdlib 
         libHello.cpp
         c:\Program Files\Microsoft Visual Studio 10.0\VC\bin\CL.exe /c /Zi /clr /nologo /W3 /WX- /Od /Oy- /D WIN32 /D _DEBUG /D _WINDLL /D _UNICODE /D UNICODE /EHa /MDd /GS /fp:precise /Zc:wchar_t /Zc:forScope /Fo"Debug\\" /Fd"Debug\vc100.pdb" /TP /analyze- /errorReport:prompt "C:\Documents and Settings\hoehoe\Local Settings\Temp\.NETFramework,Version=v4.0.AssemblyAttributes.cpp"
         .NETFramework,Version=v4.0.AssemblyAttributes.cpp
       ResourceCompile:
         C:\Program Files\Microsoft SDKs\Windows\v7.0A\bin\rc.exe /D _UNICODE /D UNICODE /l"0x0409" /nologo /fo"Debug\app.res" app.rc 
       Link:
         c:\Program Files\Microsoft Visual Studio 10.0\VC\bin\link.exe /ERRORREPORT:PROMPT /OUT:"c:\documents and settings\hoehoe\my documents\visual studio 2010\Projects\libHello\Debug\libHello.dll" /INCREMENTAL /NOLOGO /MANIFEST /ManifestFile:"Debug\libHello.dll.intermediate.manifest" /MANIFESTUAC:"level='asInvoker' uiAccess='false'" /DEBUG /PDB:"c:\documents and settings\hoehoe\my documents\visual studio 2010\Projects\libHello\Debug\libHello.pdb" /ASSEMBLYDEBUG /TLBID:1 /DYNAMICBASE /FIXED:NO /NXCOMPAT /MACHINE:X86 /DLL Debug\app.res
         Debug\AssemblyInfo.obj
         Debug\libHello.obj
         Debug\Stdafx.obj
         "Debug\.NETFramework,Version=v4.0.AssemblyAttributes.obj"
         FlashRuntimeExtensions.lib
            ライブラリ c:\documents and settings\hoehoe\my documents\visual studio 2010\Projects\libHello\Debug\libHello.lib とオブジェクト c:\documents and settings\hoehoe\my documents\visual studio 2010\Projects\libHello\Debug\libHello.exp を作成中
         libHello.vcxproj -> c:\documents and settings\hoehoe\my documents\visual studio 2010\Projects\libHello\Debug\libHello.dll
       Manifest:
         C:\Program Files\Microsoft SDKs\Windows\v7.0A\bin\mt.exe /nologo /verbose /outputresource:"c:\documents and settings\hoehoe\my documents\visual studio 2010\Projects\libHello\Debug\libHello.dll;#2" /manifest Debug\libHello.dll.intermediate.manifest
       FinalizeBuildStatus:
         ファイル "Debug\libHello.unsuccessfulbuild" を削除しています。
         "Debug\libHello.lastbuildstate" のタッチ タスクを実行しています。
     1>プロジェクト "c:\documents and settings\hoehoe\my documents\visual studio 2010\Projects\libHello\libHello\libHello.vcxproj" (build ターゲット) のビルドが完了しました。

ビルドに成功しました。

経過時間 00:00:03.57
